<?xml version="1.0" encoding="UTF-8"?>
<!-- Generated by org.testng.reporters.JUnitXMLReporter -->
<testsuite ignored="0" hostname="Latitude3590" failures="0"
	tests="7" name="Groceries App Test" time="24.178" errors="0"
	timestamp="2024-08-01T13:38:56 IST">
	<testcase
		classname="rahulshettyacademy.groceries.app.ExtentReportDemo"
		name="initialDemo" time="0.016" />
	<testcase
		classname="rahulshettyacademy.groceries.app.ErrorValidations"
		name="loginErrorValidation" time="1.082" />
	<testcase
		classname="rahulshettyacademy.groceries.app.ErrorValidations"
		name="productAddedToCartValidation" time="2.193" />
	<testcase
		classname="rahulshettyacademy.groceries.app.GroceriesApp"
		name="orderPlaced" time="5.874" />
	<testcase
		classname="rahulshettyacademy.groceries.app.GroceriesApp"
		name="orderPlaced" time="4.597" />
	<testcase
		classname="rahulshettyacademy.groceries.app.GroceriesApp"
		name="isProductOrdered" time="0.653" />
	<testcase
		classname="rahulshettyacademy.groceries.app.GroceriesApp"
		name="isProductOrdered" time="0.627" />
</testsuite> <!-- Groceries App Test -->
