<?xml version="1.0" encoding="UTF-8"?>
<!-- Generated by org.testng.reporters.JUnitXMLReporter -->
<testsuite ignored="0" hostname="Latitude3590" failures="0" tests="7" name="Groceries App Test" time="32.449" errors="0" timestamp="2024-08-05T20:49:28 IST">
  <testcase classname="rahulshettyacademy.groceries.app.ExtentReportDemo" name="initialDemo" time="0.041"/>
  <testcase classname="rahulshettyacademy.groceries.app.ErrorValidations" name="loginErrorValidation" time="0.402"/>
  <testcase classname="rahulshettyacademy.groceries.app.GroceriesApp" name="orderPlaced" time="4.292"/>
  <testcase classname="rahulshettyacademy.groceries.app.ErrorValidations" name="productAddedToCartValidation" time="2.284"/>
  <testcase classname="rahulshettyacademy.groceries.app.GroceriesApp" name="orderPlaced" time="5.2"/>
  <testcase classname="rahulshettyacademy.groceries.app.GroceriesApp" name="isProductOrdered" time="0.637"/>
  <testcase classname="rahulshettyacademy.groceries.app.GroceriesApp" name="isProductOrdered" time="2.14"/>
</testsuite> <!-- Groceries App Test -->
