<?xml version="1.0" encoding="UTF-8"?>
<!-- Generated by org.testng.reporters.JUnitXMLReporter -->
<testsuite ignored="0" hostname="Latitude3590" failures="0" tests="2" name="Test" time="10.914" errors="0" timestamp="2024-08-02T13:53:37 IST">
  <testcase classname="rahulshettyacademy.groceries.app.ErrorValidations" name="loginErrorValidation" time="0.444"/>
  <testcase classname="rahulshettyacademy.groceries.app.ErrorValidations" name="productAddedToCartValidation" time="2.637"/>
</testsuite> <!-- Test -->
