<?xml version="1.0" encoding="UTF-8"?>
<!-- Generated by org.testng.reporters.JUnitXMLReporter -->
<testsuite ignored="2" hostname="Latitude3590" failures="0"
	tests="5" name="HomeLoan" time="0.06" errors="0"
	timestamp="2024-07-13T14:18:28 IST">
	<testcase classname="test.Day4" name="MobileLoginHomeLoan"
		time="0.003" />
	<testcase classname="test.Day4" name="RestAPILoginHomeLoan"
		time="0.001" />
	<testcase classname="test.Day4" name="RestAPILoginHomeLoan"
		time="0.001" />
	<testcase classname="test.Day4" name="RestAPILoginHomeLoan"
		time="0.001" />
	<testcase classname="test.Day4" name="WebLoginHomeLoan"
		time="0.002" />
	<testcase classname="test.Day4" name="mobileSignIn" time="0.0">
		<ignored />
	</testcase> <!-- mobileSignIn -->
	<testcase classname="test.Day4" name="mobileSignOut"
		time="0.0">
		<ignored />
	</testcase> <!-- mobileSignOut -->
</testsuite> <!-- HomeLoan -->
