<?xml version="1.0" encoding="UTF-8"?>
<!-- Generated by org.testng.reporters.JUnitXMLReporter -->
<testsuite ignored="3" hostname="Latitude3590" failures="0"
	tests="7" name="SmokeTesting" time="0.083" errors="0"
	timestamp="2024-07-12T22:20:45 IST">
	<testcase classname="test.Day1" name="printHello" time="0.006" />
	<testcase classname="test.Day4" name="MobileLoginHomeLoan"
		time="0.001" />
	<testcase classname="test.Day4" name="mobileSignIn"
		time="0.002" />
	<testcase classname="test.Day4" name="RestAPILoginHomeLoan"
		time="0.001" />
	<testcase classname="test.Day4" name="RestAPILoginHomeLoan"
		time="0.001" />
	<testcase classname="test.Day4" name="RestAPILoginHomeLoan"
		time="0.001" />
	<testcase classname="test.Day4" name="mobileSignOut"
		time="0.001" />
	<testcase classname="test.Day2" name="printBye" time="0.0">
		<ignored />
	</testcase> <!-- printBye -->
	<testcase classname="test.Day1" name="printGood" time="0.0">
		<ignored />
	</testcase> <!-- printGood -->
	<testcase classname="test.Day4" name="WebLoginHomeLoan"
		time="0.0">
		<ignored />
	</testcase> <!-- WebLoginHomeLoan -->
</testsuite> <!-- SmokeTesting -->
